2022-05-26T16:31:44.254Z GET 304 0.752 / http://localhost:3000/product/list/?category=Women
2022-05-26T16:31:44.275Z GET 304 0.790 /home.css http://localhost:3000/
2022-05-26T16:31:44.281Z GET 304 1.149 /home.js http://localhost:3000/
2022-05-26T16:31:44.282Z GET 304 1.601 /images/men-cloth.jpg http://localhost:3000/
2022-05-26T16:31:44.283Z GET 304 0.829 /images/women-cloth.jpg http://localhost:3000/
2022-05-26T16:31:44.284Z GET 304 1.013 /images/child-cloth.jpg http://localhost:3000/
2022-05-26T16:31:44.299Z GET 304 0.524 /components/Header.js http://localhost:3000/home.js
2022-05-26T16:31:44.313Z GET 304 0.749 /useful-functions.js http://localhost:3000/components/Header.js
2022-05-26T16:31:44.317Z GET 304 1.098 /elice-rabbit.png http://localhost:3000/
2022-05-26T16:31:50.485Z GET 404 1.209 /cart http://localhost:3000/
2022-05-26T16:31:55.805Z GET 304 0.374 / http://localhost:3000/
2022-05-26T16:31:55.824Z GET 304 0.317 /home.css http://localhost:3000/
2022-05-26T16:31:55.831Z GET 304 1.333 /home.js http://localhost:3000/
2022-05-26T16:31:55.832Z GET 304 1.770 /images/men-cloth.jpg http://localhost:3000/
2022-05-26T16:31:55.833Z GET 304 1.156 /images/women-cloth.jpg http://localhost:3000/
2022-05-26T16:31:55.833Z GET 304 1.248 /images/child-cloth.jpg http://localhost:3000/
2022-05-26T16:31:55.868Z GET 304 0.411 /components/Header.js http://localhost:3000/home.js
2022-05-26T16:31:55.875Z GET 304 1.047 /useful-functions.js http://localhost:3000/components/Header.js
2022-05-26T16:31:55.880Z GET 304 0.903 /elice-rabbit.png http://localhost:3000/
2022-05-27T07:49:58.700Z GET 200 9.162 / -
2022-05-27T07:49:58.811Z GET 200 17.987 /home.css http://localhost:3000/
2022-05-27T07:49:58.815Z GET 200 17.789 /home.js http://localhost:3000/
2022-05-27T07:49:58.819Z GET 200 16.109 /images/child-cloth.jpg http://localhost:3000/
2022-05-27T07:49:58.822Z GET 200 18.081 /images/men-cloth.jpg http://localhost:3000/
2022-05-27T07:49:58.830Z GET 200 15.497 /images/women-cloth.jpg http://localhost:3000/
2022-05-27T07:49:58.991Z GET 200 9.110 /components/Header.js http://localhost:3000/home.js
2022-05-27T07:49:59.165Z GET 200 2.489 /useful-functions.js http://localhost:3000/components/Header.js
2022-05-27T07:49:59.187Z GET 200 2.965 /elice-rabbit.png http://localhost:3000/
